/*C12*/SET SCHEMA PUBLIC
INSERT INTO NOTICIA VALUES(5,'bb','aa')
COMMIT
INSERT INTO NOTICIA VALUES(6,'dd','cc')
COMMIT
DELETE FROM NOTICIA WHERE ID=5
COMMIT
DELETE FROM NOTICIA WHERE ID=1
COMMIT
DELETE FROM NOTICIA WHERE ID=6
COMMIT
DELETE FROM NOTICIA WHERE ID=2
COMMIT
DELETE FROM NOTICIA WHERE ID=4
COMMIT
INSERT INTO NOTICIA VALUES(7,'a','a')
COMMIT
/*C21*/SET SCHEMA PUBLIC
DISCONNECT
/*C15*/SET SCHEMA PUBLIC
DISCONNECT
/*C16*/SET SCHEMA PUBLIC
DISCONNECT
/*C13*/SET SCHEMA PUBLIC
DISCONNECT
/*C17*/SET SCHEMA PUBLIC
DISCONNECT
/*C18*/SET SCHEMA PUBLIC
DISCONNECT
/*C20*/SET SCHEMA PUBLIC
DISCONNECT
/*C19*/SET SCHEMA PUBLIC
DISCONNECT
/*C12*/DISCONNECT
/*C14*/SET SCHEMA PUBLIC
DISCONNECT
/*C22*/SET SCHEMA PUBLIC
INSERT INTO NOTICIA VALUES(8,'b','b')
COMMIT
DELETE FROM NOTICIA WHERE ID=7
INSERT INTO NOTICIA VALUES(7,'aa','aa')
COMMIT
DELETE FROM NOTICIA WHERE ID=8
INSERT INTO NOTICIA VALUES(8,'bbb','bbb')
COMMIT
INSERT INTO NOTICIA VALUES(9,'c','c')
COMMIT
INSERT INTO NOTICIA VALUES(10,'d','d')
COMMIT
INSERT INTO NOTICIA VALUES(11,'e','e')
COMMIT
DELETE FROM NOTICIA WHERE ID=10
COMMIT
INSERT INTO NOTICIA VALUES(12,'f','f')
COMMIT
DELETE FROM NOTICIA WHERE ID=9
COMMIT
